<?xml version="1.0" encoding="UTF-8"?>
<testsuite xmlns:xsi="http://www.w3.org/2001/XMLSchema-instance" xsi:noNamespaceSchemaLocation="https://maven.apache.org/surefire/maven-surefire-plugin/xsd/surefire-test-report.xsd" name="org.discovery.AppTest" time="0.005" tests="1" errors="0" skipped="0" failures="0">
  <properties>
    <property name="sun.desktop" value="windows"/>
    <property name="awt.toolkit" value="sun.awt.windows.WToolkit"/>
    <property name="file.encoding.pkg" value="sun.io"/>
    <property name="java.specification.version" value="1.8"/>
    <property name="sun.cpu.isalist" value="pentium_pro+mmx pentium_pro pentium+mmx pentium i486 i386 i86"/>
    <property name="sun.jnu.encoding" value="Cp1252"/>
    <property name="java.class.path" value="E:\study\cloud\Cloud\discovery\target\test-classes;E:\study\cloud\Cloud\discovery\target\classes;d:\repo\junit\junit\3.8.1\junit-3.8.1.jar;d:\repo\org\springframework\boot\spring-boot-starter-web\2.0.3.RELEASE\spring-boot-starter-web-2.0.3.RELEASE.jar;d:\repo\org\springframework\boot\spring-boot-starter\2.0.3.RELEASE\spring-boot-starter-2.0.3.RELEASE.jar;d:\repo\org\springframework\boot\spring-boot\2.0.3.RELEASE\spring-boot-2.0.3.RELEASE.jar;d:\repo\org\springframework\boot\spring-boot-autoconfigure\2.0.3.RELEASE\spring-boot-autoconfigure-2.0.3.RELEASE.jar;d:\repo\org\springframework\boot\spring-boot-starter-logging\2.0.3.RELEASE\spring-boot-starter-logging-2.0.3.RELEASE.jar;d:\repo\ch\qos\logback\logback-classic\1.2.3\logback-classic-1.2.3.jar;d:\repo\ch\qos\logback\logback-core\1.2.3\logback-core-1.2.3.jar;d:\repo\org\apache\logging\log4j\log4j-to-slf4j\2.10.0\log4j-to-slf4j-2.10.0.jar;d:\repo\org\apache\logging\log4j\log4j-api\2.10.0\log4j-api-2.10.0.jar;d:\repo\org\slf4j\jul-to-slf4j\1.7.25\jul-to-slf4j-1.7.25.jar;d:\repo\javax\annotation\javax.annotation-api\1.3.2\javax.annotation-api-1.3.2.jar;d:\repo\org\springframework\spring-core\5.0.7.RELEASE\spring-core-5.0.7.RELEASE.jar;d:\repo\org\springframework\spring-jcl\5.0.7.RELEASE\spring-jcl-5.0.7.RELEASE.jar;d:\repo\org\yaml\snakeyaml\1.19\snakeyaml-1.19.jar;d:\repo\org\springframework\boot\spring-boot-starter-json\2.0.3.RELEASE\spring-boot-starter-json-2.0.3.RELEASE.jar;d:\repo\com\fasterxml\jackson\core\jackson-databind\2.9.6\jackson-databind-2.9.6.jar;d:\repo\com\fasterxml\jackson\core\jackson-annotations\2.9.0\jackson-annotations-2.9.0.jar;d:\repo\com\fasterxml\jackson\core\jackson-core\2.9.6\jackson-core-2.9.6.jar;d:\repo\com\fasterxml\jackson\datatype\jackson-datatype-jdk8\2.9.6\jackson-datatype-jdk8-2.9.6.jar;d:\repo\com\fasterxml\jackson\datatype\jackson-datatype-jsr310\2.9.6\jackson-datatype-jsr310-2.9.6.jar;d:\repo\com\fasterxml\jackson\module\jackson-module-parameter-names\2.9.6\jackson-module-parameter-names-2.9.6.jar;d:\repo\org\springframework\boot\spring-boot-starter-tomcat\2.0.3.RELEASE\spring-boot-starter-tomcat-2.0.3.RELEASE.jar;d:\repo\org\apache\tomcat\embed\tomcat-embed-core\8.5.31\tomcat-embed-core-8.5.31.jar;d:\repo\org\apache\tomcat\embed\tomcat-embed-el\8.5.31\tomcat-embed-el-8.5.31.jar;d:\repo\org\apache\tomcat\embed\tomcat-embed-websocket\8.5.31\tomcat-embed-websocket-8.5.31.jar;d:\repo\org\hibernate\validator\hibernate-validator\6.0.10.Final\hibernate-validator-6.0.10.Final.jar;d:\repo\javax\validation\validation-api\2.0.1.Final\validation-api-2.0.1.Final.jar;d:\repo\org\jboss\logging\jboss-logging\3.3.2.Final\jboss-logging-3.3.2.Final.jar;d:\repo\com\fasterxml\classmate\1.3.4\classmate-1.3.4.jar;d:\repo\org\springframework\spring-web\5.0.7.RELEASE\spring-web-5.0.7.RELEASE.jar;d:\repo\org\springframework\spring-beans\5.0.7.RELEASE\spring-beans-5.0.7.RELEASE.jar;d:\repo\org\springframework\spring-webmvc\5.0.7.RELEASE\spring-webmvc-5.0.7.RELEASE.jar;d:\repo\org\springframework\spring-aop\5.0.7.RELEASE\spring-aop-5.0.7.RELEASE.jar;d:\repo\org\springframework\spring-context\5.0.7.RELEASE\spring-context-5.0.7.RELEASE.jar;d:\repo\org\springframework\spring-expression\5.0.7.RELEASE\spring-expression-5.0.7.RELEASE.jar;d:\repo\org\springframework\cloud\spring-cloud-starter-eureka-server\1.4.6.RELEASE\spring-cloud-starter-eureka-server-1.4.6.RELEASE.jar;d:\repo\org\springframework\cloud\spring-cloud-starter-netflix-eureka-server\2.0.0.RELEASE\spring-cloud-starter-netflix-eureka-server-2.0.0.RELEASE.jar;d:\repo\org\springframework\cloud\spring-cloud-starter\2.0.0.RELEASE\spring-cloud-starter-2.0.0.RELEASE.jar;d:\repo\org\springframework\cloud\spring-cloud-context\2.0.0.RELEASE\spring-cloud-context-2.0.0.RELEASE.jar;d:\repo\org\springframework\security\spring-security-crypto\5.0.6.RELEASE\spring-security-crypto-5.0.6.RELEASE.jar;d:\repo\org\springframework\cloud\spring-cloud-commons\2.0.0.RELEASE\spring-cloud-commons-2.0.0.RELEASE.jar;d:\repo\org\springframework\security\spring-security-rsa\1.0.5.RELEASE\spring-security-rsa-1.0.5.RELEASE.jar;d:\repo\org\bouncycastle\bcpkix-jdk15on\1.56\bcpkix-jdk15on-1.56.jar;d:\repo\org\bouncycastle\bcprov-jdk15on\1.56\bcprov-jdk15on-1.56.jar;d:\repo\org\springframework\cloud\spring-cloud-netflix-eureka-server\2.0.0.RELEASE\spring-cloud-netflix-eureka-server-2.0.0.RELEASE.jar;d:\repo\org\springframework\boot\spring-boot-starter-actuator\2.0.3.RELEASE\spring-boot-starter-actuator-2.0.3.RELEASE.jar;d:\repo\org\springframework\boot\spring-boot-actuator-autoconfigure\2.0.3.RELEASE\spring-boot-actuator-autoconfigure-2.0.3.RELEASE.jar;d:\repo\org\springframework\boot\spring-boot-actuator\2.0.3.RELEASE\spring-boot-actuator-2.0.3.RELEASE.jar;d:\repo\io\micrometer\micrometer-core\1.0.5\micrometer-core-1.0.5.jar;d:\repo\org\hdrhistogram\HdrHistogram\2.1.10\HdrHistogram-2.1.10.jar;d:\repo\org\latencyutils\LatencyUtils\2.0.3\LatencyUtils-2.0.3.jar;d:\repo\org\springframework\boot\spring-boot-starter-freemarker\2.0.3.RELEASE\spring-boot-starter-freemarker-2.0.3.RELEASE.jar;d:\repo\org\freemarker\freemarker\2.3.28\freemarker-2.3.28.jar;d:\repo\org\springframework\spring-context-support\5.0.7.RELEASE\spring-context-support-5.0.7.RELEASE.jar;d:\repo\org\springframework\cloud\spring-cloud-netflix-core\2.0.0.RELEASE\spring-cloud-netflix-core-2.0.0.RELEASE.jar;d:\repo\org\springframework\boot\spring-boot-starter-aop\2.0.3.RELEASE\spring-boot-starter-aop-2.0.3.RELEASE.jar;d:\repo\org\aspectj\aspectjweaver\1.8.13\aspectjweaver-1.8.13.jar;d:\repo\org\springframework\cloud\spring-cloud-netflix-eureka-client\2.0.0.RELEASE\spring-cloud-netflix-eureka-client-2.0.0.RELEASE.jar;d:\repo\com\netflix\eureka\eureka-client\1.9.2\eureka-client-1.9.2.jar;d:\repo\org\codehaus\jettison\jettison\1.3.7\jettison-1.3.7.jar;d:\repo\stax\stax-api\1.0.1\stax-api-1.0.1.jar;d:\repo\com\netflix\netflix-commons\netflix-eventbus\0.3.0\netflix-eventbus-0.3.0.jar;d:\repo\com\netflix\netflix-commons\netflix-infix\0.3.0\netflix-infix-0.3.0.jar;d:\repo\commons-jxpath\commons-jxpath\1.3\commons-jxpath-1.3.jar;d:\repo\joda-time\joda-time\2.9.9\joda-time-2.9.9.jar;d:\repo\org\antlr\antlr-runtime\3.4\antlr-runtime-3.4.jar;d:\repo\org\antlr\stringtemplate\3.2.1\stringtemplate-3.2.1.jar;d:\repo\antlr\antlr\2.7.7\antlr-2.7.7.jar;d:\repo\com\google\code\gson\gson\2.8.5\gson-2.8.5.jar;d:\repo\org\apache\commons\commons-math\2.2\commons-math-2.2.jar;d:\repo\javax\ws\rs\jsr311-api\1.1.1\jsr311-api-1.1.1.jar;d:\repo\com\netflix\servo\servo-core\0.12.21\servo-core-0.12.21.jar;d:\repo\com\sun\jersey\jersey-core\1.19.1\jersey-core-1.19.1.jar;d:\repo\com\sun\jersey\jersey-client\1.19.1\jersey-client-1.19.1.jar;d:\repo\com\sun\jersey\contribs\jersey-apache-client4\1.19.1\jersey-apache-client4-1.19.1.jar;d:\repo\org\apache\httpcomponents\httpclient\4.5.5\httpclient-4.5.5.jar;d:\repo\org\apache\httpcomponents\httpcore\4.4.9\httpcore-4.4.9.jar;d:\repo\commons-codec\commons-codec\1.11\commons-codec-1.11.jar;d:\repo\com\google\inject\guice\4.1.0\guice-4.1.0.jar;d:\repo\aopalliance\aopalliance\1.0\aopalliance-1.0.jar;d:\repo\com\github\vlsi\compactmap\compactmap\1.2.1\compactmap-1.2.1.jar;d:\repo\com\github\andrewoma\dexx\dexx-collections\0.2\dexx-collections-0.2.jar;d:\repo\com\sun\jersey\jersey-servlet\1.19.1\jersey-servlet-1.19.1.jar;d:\repo\com\sun\jersey\jersey-server\1.19.1\jersey-server-1.19.1.jar;d:\repo\com\netflix\eureka\eureka-core\1.9.2\eureka-core-1.9.2.jar;d:\repo\org\codehaus\woodstox\woodstox-core-asl\4.4.1\woodstox-core-asl-4.4.1.jar;d:\repo\javax\xml\stream\stax-api\1.0-2\stax-api-1.0-2.jar;d:\repo\com\netflix\archaius\archaius-core\0.7.6\archaius-core-0.7.6.jar;d:\repo\com\google\code\findbugs\jsr305\3.0.1\jsr305-3.0.1.jar;d:\repo\com\google\guava\guava\16.0\guava-16.0.jar;d:\repo\javax\inject\javax.inject\1\javax.inject-1.jar;d:\repo\com\fasterxml\jackson\dataformat\jackson-dataformat-xml\2.9.6\jackson-dataformat-xml-2.9.6.jar;d:\repo\com\fasterxml\jackson\module\jackson-module-jaxb-annotations\2.9.6\jackson-module-jaxb-annotations-2.9.6.jar;d:\repo\org\codehaus\woodstox\stax2-api\3.1.4\stax2-api-3.1.4.jar;d:\repo\com\fasterxml\woodstox\woodstox-core\5.0.3\woodstox-core-5.0.3.jar;d:\repo\com\thoughtworks\xstream\xstream\1.4.10\xstream-1.4.10.jar;d:\repo\xmlpull\xmlpull\1.1.3.1\xmlpull-1.1.3.1.jar;d:\repo\xpp3\xpp3_min\1.1.4c\xpp3_min-1.1.4c.jar;d:\repo\org\springframework\cloud\spring-cloud-starter-netflix-archaius\2.0.0.RELEASE\spring-cloud-starter-netflix-archaius-2.0.0.RELEASE.jar;d:\repo\org\springframework\cloud\spring-cloud-netflix-ribbon\2.0.0.RELEASE\spring-cloud-netflix-ribbon-2.0.0.RELEASE.jar;d:\repo\org\springframework\cloud\spring-cloud-netflix-archaius\2.0.0.RELEASE\spring-cloud-netflix-archaius-2.0.0.RELEASE.jar;d:\repo\commons-configuration\commons-configuration\1.8\commons-configuration-1.8.jar;d:\repo\commons-lang\commons-lang\2.6\commons-lang-2.6.jar;d:\repo\org\springframework\cloud\spring-cloud-starter-netflix-ribbon\2.0.0.RELEASE\spring-cloud-starter-netflix-ribbon-2.0.0.RELEASE.jar;d:\repo\com\netflix\ribbon\ribbon\2.2.5\ribbon-2.2.5.jar;d:\repo\com\netflix\ribbon\ribbon-transport\2.2.5\ribbon-transport-2.2.5.jar;d:\repo\io\reactivex\rxnetty-contexts\0.4.9\rxnetty-contexts-0.4.9.jar;d:\repo\io\reactivex\rxnetty-servo\0.4.9\rxnetty-servo-0.4.9.jar;d:\repo\com\netflix\hystrix\hystrix-core\1.5.12\hystrix-core-1.5.12.jar;d:\repo\io\reactivex\rxnetty\0.4.9\rxnetty-0.4.9.jar;d:\repo\io\netty\netty-codec-http\4.1.25.Final\netty-codec-http-4.1.25.Final.jar;d:\repo\io\netty\netty-codec\4.1.25.Final\netty-codec-4.1.25.Final.jar;d:\repo\io\netty\netty-transport-native-epoll\4.1.25.Final\netty-transport-native-epoll-4.1.25.Final.jar;d:\repo\io\netty\netty-common\4.1.25.Final\netty-common-4.1.25.Final.jar;d:\repo\io\netty\netty-buffer\4.1.25.Final\netty-buffer-4.1.25.Final.jar;d:\repo\io\netty\netty-transport-native-unix-common\4.1.25.Final\netty-transport-native-unix-common-4.1.25.Final.jar;d:\repo\io\netty\netty-transport\4.1.25.Final\netty-transport-4.1.25.Final.jar;d:\repo\io\netty\netty-resolver\4.1.25.Final\netty-resolver-4.1.25.Final.jar;d:\repo\com\netflix\ribbon\ribbon-core\2.2.5\ribbon-core-2.2.5.jar;d:\repo\com\netflix\ribbon\ribbon-httpclient\2.2.5\ribbon-httpclient-2.2.5.jar;d:\repo\commons-collections\commons-collections\3.2.2\commons-collections-3.2.2.jar;d:\repo\com\netflix\netflix-commons\netflix-commons-util\0.3.0\netflix-commons-util-0.3.0.jar;d:\repo\com\netflix\ribbon\ribbon-loadbalancer\2.2.5\ribbon-loadbalancer-2.2.5.jar;d:\repo\com\netflix\netflix-commons\netflix-statistics\0.1.1\netflix-statistics-0.1.1.jar;d:\repo\io\reactivex\rxjava\1.3.8\rxjava-1.3.8.jar;d:\repo\com\netflix\ribbon\ribbon-eureka\2.2.5\ribbon-eureka-2.2.5.jar;d:\repo\org\slf4j\slf4j-api\1.7.25\slf4j-api-1.7.25.jar;"/>
    <property name="java.vm.vendor" value="Oracle Corporation"/>
    <property name="sun.arch.data.model" value="32"/>
    <property name="user.variant" value=""/>
    <property name="java.vendor.url" value="http://java.oracle.com/"/>
    <property name="user.timezone" value=""/>
    <property name="java.vm.specification.version" value="1.8"/>
    <property name="os.name" value="Windows 7"/>
    <property name="user.country" value="US"/>
    <property name="sun.java.launcher" value="SUN_STANDARD"/>
    <property name="sun.boot.library.path" value="C:\Program Files\Java\jdk1.8.0_191\jre\bin"/>
    <property name="sun.java.command" value="C:\Users\Joydev\AppData\Local\Temp\surefire4298235685757559322\surefirebooter3144615539838585944.jar C:\Users\Joydev\AppData\Local\Temp\surefire4298235685757559322 2018-12-12T00-32-10_659-jvmRun1 surefire3150765396562217775tmp surefire_02840607047655622722tmp"/>
    <property name="surefire.test.class.path" value="E:\study\cloud\Cloud\discovery\target\test-classes;E:\study\cloud\Cloud\discovery\target\classes;d:\repo\junit\junit\3.8.1\junit-3.8.1.jar;d:\repo\org\springframework\boot\spring-boot-starter-web\2.0.3.RELEASE\spring-boot-starter-web-2.0.3.RELEASE.jar;d:\repo\org\springframework\boot\spring-boot-starter\2.0.3.RELEASE\spring-boot-starter-2.0.3.RELEASE.jar;d:\repo\org\springframework\boot\spring-boot\2.0.3.RELEASE\spring-boot-2.0.3.RELEASE.jar;d:\repo\org\springframework\boot\spring-boot-autoconfigure\2.0.3.RELEASE\spring-boot-autoconfigure-2.0.3.RELEASE.jar;d:\repo\org\springframework\boot\spring-boot-starter-logging\2.0.3.RELEASE\spring-boot-starter-logging-2.0.3.RELEASE.jar;d:\repo\ch\qos\logback\logback-classic\1.2.3\logback-classic-1.2.3.jar;d:\repo\ch\qos\logback\logback-core\1.2.3\logback-core-1.2.3.jar;d:\repo\org\apache\logging\log4j\log4j-to-slf4j\2.10.0\log4j-to-slf4j-2.10.0.jar;d:\repo\org\apache\logging\log4j\log4j-api\2.10.0\log4j-api-2.10.0.jar;d:\repo\org\slf4j\jul-to-slf4j\1.7.25\jul-to-slf4j-1.7.25.jar;d:\repo\javax\annotation\javax.annotation-api\1.3.2\javax.annotation-api-1.3.2.jar;d:\repo\org\springframework\spring-core\5.0.7.RELEASE\spring-core-5.0.7.RELEASE.jar;d:\repo\org\springframework\spring-jcl\5.0.7.RELEASE\spring-jcl-5.0.7.RELEASE.jar;d:\repo\org\yaml\snakeyaml\1.19\snakeyaml-1.19.jar;d:\repo\org\springframework\boot\spring-boot-starter-json\2.0.3.RELEASE\spring-boot-starter-json-2.0.3.RELEASE.jar;d:\repo\com\fasterxml\jackson\core\jackson-databind\2.9.6\jackson-databind-2.9.6.jar;d:\repo\com\fasterxml\jackson\core\jackson-annotations\2.9.0\jackson-annotations-2.9.0.jar;d:\repo\com\fasterxml\jackson\core\jackson-core\2.9.6\jackson-core-2.9.6.jar;d:\repo\com\fasterxml\jackson\datatype\jackson-datatype-jdk8\2.9.6\jackson-datatype-jdk8-2.9.6.jar;d:\repo\com\fasterxml\jackson\datatype\jackson-datatype-jsr310\2.9.6\jackson-datatype-jsr310-2.9.6.jar;d:\repo\com\fasterxml\jackson\module\jackson-module-parameter-names\2.9.6\jackson-module-parameter-names-2.9.6.jar;d:\repo\org\springframework\boot\spring-boot-starter-tomcat\2.0.3.RELEASE\spring-boot-starter-tomcat-2.0.3.RELEASE.jar;d:\repo\org\apache\tomcat\embed\tomcat-embed-core\8.5.31\tomcat-embed-core-8.5.31.jar;d:\repo\org\apache\tomcat\embed\tomcat-embed-el\8.5.31\tomcat-embed-el-8.5.31.jar;d:\repo\org\apache\tomcat\embed\tomcat-embed-websocket\8.5.31\tomcat-embed-websocket-8.5.31.jar;d:\repo\org\hibernate\validator\hibernate-validator\6.0.10.Final\hibernate-validator-6.0.10.Final.jar;d:\repo\javax\validation\validation-api\2.0.1.Final\validation-api-2.0.1.Final.jar;d:\repo\org\jboss\logging\jboss-logging\3.3.2.Final\jboss-logging-3.3.2.Final.jar;d:\repo\com\fasterxml\classmate\1.3.4\classmate-1.3.4.jar;d:\repo\org\springframework\spring-web\5.0.7.RELEASE\spring-web-5.0.7.RELEASE.jar;d:\repo\org\springframework\spring-beans\5.0.7.RELEASE\spring-beans-5.0.7.RELEASE.jar;d:\repo\org\springframework\spring-webmvc\5.0.7.RELEASE\spring-webmvc-5.0.7.RELEASE.jar;d:\repo\org\springframework\spring-aop\5.0.7.RELEASE\spring-aop-5.0.7.RELEASE.jar;d:\repo\org\springframework\spring-context\5.0.7.RELEASE\spring-context-5.0.7.RELEASE.jar;d:\repo\org\springframework\spring-expression\5.0.7.RELEASE\spring-expression-5.0.7.RELEASE.jar;d:\repo\org\springframework\cloud\spring-cloud-starter-eureka-server\1.4.6.RELEASE\spring-cloud-starter-eureka-server-1.4.6.RELEASE.jar;d:\repo\org\springframework\cloud\spring-cloud-starter-netflix-eureka-server\2.0.0.RELEASE\spring-cloud-starter-netflix-eureka-server-2.0.0.RELEASE.jar;d:\repo\org\springframework\cloud\spring-cloud-starter\2.0.0.RELEASE\spring-cloud-starter-2.0.0.RELEASE.jar;d:\repo\org\springframework\cloud\spring-cloud-context\2.0.0.RELEASE\spring-cloud-context-2.0.0.RELEASE.jar;d:\repo\org\springframework\security\spring-security-crypto\5.0.6.RELEASE\spring-security-crypto-5.0.6.RELEASE.jar;d:\repo\org\springframework\cloud\spring-cloud-commons\2.0.0.RELEASE\spring-cloud-commons-2.0.0.RELEASE.jar;d:\repo\org\springframework\security\spring-security-rsa\1.0.5.RELEASE\spring-security-rsa-1.0.5.RELEASE.jar;d:\repo\org\bouncycastle\bcpkix-jdk15on\1.56\bcpkix-jdk15on-1.56.jar;d:\repo\org\bouncycastle\bcprov-jdk15on\1.56\bcprov-jdk15on-1.56.jar;d:\repo\org\springframework\cloud\spring-cloud-netflix-eureka-server\2.0.0.RELEASE\spring-cloud-netflix-eureka-server-2.0.0.RELEASE.jar;d:\repo\org\springframework\boot\spring-boot-starter-actuator\2.0.3.RELEASE\spring-boot-starter-actuator-2.0.3.RELEASE.jar;d:\repo\org\springframework\boot\spring-boot-actuator-autoconfigure\2.0.3.RELEASE\spring-boot-actuator-autoconfigure-2.0.3.RELEASE.jar;d:\repo\org\springframework\boot\spring-boot-actuator\2.0.3.RELEASE\spring-boot-actuator-2.0.3.RELEASE.jar;d:\repo\io\micrometer\micrometer-core\1.0.5\micrometer-core-1.0.5.jar;d:\repo\org\hdrhistogram\HdrHistogram\2.1.10\HdrHistogram-2.1.10.jar;d:\repo\org\latencyutils\LatencyUtils\2.0.3\LatencyUtils-2.0.3.jar;d:\repo\org\springframework\boot\spring-boot-starter-freemarker\2.0.3.RELEASE\spring-boot-starter-freemarker-2.0.3.RELEASE.jar;d:\repo\org\freemarker\freemarker\2.3.28\freemarker-2.3.28.jar;d:\repo\org\springframework\spring-context-support\5.0.7.RELEASE\spring-context-support-5.0.7.RELEASE.jar;d:\repo\org\springframework\cloud\spring-cloud-netflix-core\2.0.0.RELEASE\spring-cloud-netflix-core-2.0.0.RELEASE.jar;d:\repo\org\springframework\boot\spring-boot-starter-aop\2.0.3.RELEASE\spring-boot-starter-aop-2.0.3.RELEASE.jar;d:\repo\org\aspectj\aspectjweaver\1.8.13\aspectjweaver-1.8.13.jar;d:\repo\org\springframework\cloud\spring-cloud-netflix-eureka-client\2.0.0.RELEASE\spring-cloud-netflix-eureka-client-2.0.0.RELEASE.jar;d:\repo\com\netflix\eureka\eureka-client\1.9.2\eureka-client-1.9.2.jar;d:\repo\org\codehaus\jettison\jettison\1.3.7\jettison-1.3.7.jar;d:\repo\stax\stax-api\1.0.1\stax-api-1.0.1.jar;d:\repo\com\netflix\netflix-commons\netflix-eventbus\0.3.0\netflix-eventbus-0.3.0.jar;d:\repo\com\netflix\netflix-commons\netflix-infix\0.3.0\netflix-infix-0.3.0.jar;d:\repo\commons-jxpath\commons-jxpath\1.3\commons-jxpath-1.3.jar;d:\repo\joda-time\joda-time\2.9.9\joda-time-2.9.9.jar;d:\repo\org\antlr\antlr-runtime\3.4\antlr-runtime-3.4.jar;d:\repo\org\antlr\stringtemplate\3.2.1\stringtemplate-3.2.1.jar;d:\repo\antlr\antlr\2.7.7\antlr-2.7.7.jar;d:\repo\com\google\code\gson\gson\2.8.5\gson-2.8.5.jar;d:\repo\org\apache\commons\commons-math\2.2\commons-math-2.2.jar;d:\repo\javax\ws\rs\jsr311-api\1.1.1\jsr311-api-1.1.1.jar;d:\repo\com\netflix\servo\servo-core\0.12.21\servo-core-0.12.21.jar;d:\repo\com\sun\jersey\jersey-core\1.19.1\jersey-core-1.19.1.jar;d:\repo\com\sun\jersey\jersey-client\1.19.1\jersey-client-1.19.1.jar;d:\repo\com\sun\jersey\contribs\jersey-apache-client4\1.19.1\jersey-apache-client4-1.19.1.jar;d:\repo\org\apache\httpcomponents\httpclient\4.5.5\httpclient-4.5.5.jar;d:\repo\org\apache\httpcomponents\httpcore\4.4.9\httpcore-4.4.9.jar;d:\repo\commons-codec\commons-codec\1.11\commons-codec-1.11.jar;d:\repo\com\google\inject\guice\4.1.0\guice-4.1.0.jar;d:\repo\aopalliance\aopalliance\1.0\aopalliance-1.0.jar;d:\repo\com\github\vlsi\compactmap\compactmap\1.2.1\compactmap-1.2.1.jar;d:\repo\com\github\andrewoma\dexx\dexx-collections\0.2\dexx-collections-0.2.jar;d:\repo\com\sun\jersey\jersey-servlet\1.19.1\jersey-servlet-1.19.1.jar;d:\repo\com\sun\jersey\jersey-server\1.19.1\jersey-server-1.19.1.jar;d:\repo\com\netflix\eureka\eureka-core\1.9.2\eureka-core-1.9.2.jar;d:\repo\org\codehaus\woodstox\woodstox-core-asl\4.4.1\woodstox-core-asl-4.4.1.jar;d:\repo\javax\xml\stream\stax-api\1.0-2\stax-api-1.0-2.jar;d:\repo\com\netflix\archaius\archaius-core\0.7.6\archaius-core-0.7.6.jar;d:\repo\com\google\code\findbugs\jsr305\3.0.1\jsr305-3.0.1.jar;d:\repo\com\google\guava\guava\16.0\guava-16.0.jar;d:\repo\javax\inject\javax.inject\1\javax.inject-1.jar;d:\repo\com\fasterxml\jackson\dataformat\jackson-dataformat-xml\2.9.6\jackson-dataformat-xml-2.9.6.jar;d:\repo\com\fasterxml\jackson\module\jackson-module-jaxb-annotations\2.9.6\jackson-module-jaxb-annotations-2.9.6.jar;d:\repo\org\codehaus\woodstox\stax2-api\3.1.4\stax2-api-3.1.4.jar;d:\repo\com\fasterxml\woodstox\woodstox-core\5.0.3\woodstox-core-5.0.3.jar;d:\repo\com\thoughtworks\xstream\xstream\1.4.10\xstream-1.4.10.jar;d:\repo\xmlpull\xmlpull\1.1.3.1\xmlpull-1.1.3.1.jar;d:\repo\xpp3\xpp3_min\1.1.4c\xpp3_min-1.1.4c.jar;d:\repo\org\springframework\cloud\spring-cloud-starter-netflix-archaius\2.0.0.RELEASE\spring-cloud-starter-netflix-archaius-2.0.0.RELEASE.jar;d:\repo\org\springframework\cloud\spring-cloud-netflix-ribbon\2.0.0.RELEASE\spring-cloud-netflix-ribbon-2.0.0.RELEASE.jar;d:\repo\org\springframework\cloud\spring-cloud-netflix-archaius\2.0.0.RELEASE\spring-cloud-netflix-archaius-2.0.0.RELEASE.jar;d:\repo\commons-configuration\commons-configuration\1.8\commons-configuration-1.8.jar;d:\repo\commons-lang\commons-lang\2.6\commons-lang-2.6.jar;d:\repo\org\springframework\cloud\spring-cloud-starter-netflix-ribbon\2.0.0.RELEASE\spring-cloud-starter-netflix-ribbon-2.0.0.RELEASE.jar;d:\repo\com\netflix\ribbon\ribbon\2.2.5\ribbon-2.2.5.jar;d:\repo\com\netflix\ribbon\ribbon-transport\2.2.5\ribbon-transport-2.2.5.jar;d:\repo\io\reactivex\rxnetty-contexts\0.4.9\rxnetty-contexts-0.4.9.jar;d:\repo\io\reactivex\rxnetty-servo\0.4.9\rxnetty-servo-0.4.9.jar;d:\repo\com\netflix\hystrix\hystrix-core\1.5.12\hystrix-core-1.5.12.jar;d:\repo\io\reactivex\rxnetty\0.4.9\rxnetty-0.4.9.jar;d:\repo\io\netty\netty-codec-http\4.1.25.Final\netty-codec-http-4.1.25.Final.jar;d:\repo\io\netty\netty-codec\4.1.25.Final\netty-codec-4.1.25.Final.jar;d:\repo\io\netty\netty-transport-native-epoll\4.1.25.Final\netty-transport-native-epoll-4.1.25.Final.jar;d:\repo\io\netty\netty-common\4.1.25.Final\netty-common-4.1.25.Final.jar;d:\repo\io\netty\netty-buffer\4.1.25.Final\netty-buffer-4.1.25.Final.jar;d:\repo\io\netty\netty-transport-native-unix-common\4.1.25.Final\netty-transport-native-unix-common-4.1.25.Final.jar;d:\repo\io\netty\netty-transport\4.1.25.Final\netty-transport-4.1.25.Final.jar;d:\repo\io\netty\netty-resolver\4.1.25.Final\netty-resolver-4.1.25.Final.jar;d:\repo\com\netflix\ribbon\ribbon-core\2.2.5\ribbon-core-2.2.5.jar;d:\repo\com\netflix\ribbon\ribbon-httpclient\2.2.5\ribbon-httpclient-2.2.5.jar;d:\repo\commons-collections\commons-collections\3.2.2\commons-collections-3.2.2.jar;d:\repo\com\netflix\netflix-commons\netflix-commons-util\0.3.0\netflix-commons-util-0.3.0.jar;d:\repo\com\netflix\ribbon\ribbon-loadbalancer\2.2.5\ribbon-loadbalancer-2.2.5.jar;d:\repo\com\netflix\netflix-commons\netflix-statistics\0.1.1\netflix-statistics-0.1.1.jar;d:\repo\io\reactivex\rxjava\1.3.8\rxjava-1.3.8.jar;d:\repo\com\netflix\ribbon\ribbon-eureka\2.2.5\ribbon-eureka-2.2.5.jar;d:\repo\org\slf4j\slf4j-api\1.7.25\slf4j-api-1.7.25.jar;"/>
    <property name="sun.cpu.endian" value="little"/>
    <property name="user.home" value="C:\Users\Joydev"/>
    <property name="user.language" value="en"/>
    <property name="java.specification.vendor" value="Oracle Corporation"/>
    <property name="java.home" value="C:\Program Files\Java\jdk1.8.0_191\jre"/>
    <property name="basedir" value="E:\study\cloud\Cloud\discovery"/>
    <property name="file.separator" value="\"/>
    <property name="line.separator" value="&#10;"/>
    <property name="java.vm.specification.vendor" value="Oracle Corporation"/>
    <property name="java.specification.name" value="Java Platform API Specification"/>
    <property name="java.awt.graphicsenv" value="sun.awt.Win32GraphicsEnvironment"/>
    <property name="surefire.real.class.path" value="C:\Users\Joydev\AppData\Local\Temp\surefire4298235685757559322\surefirebooter3144615539838585944.jar"/>
    <property name="sun.boot.class.path" value="C:\Program Files\Java\jdk1.8.0_191\jre\lib\resources.jar;C:\Program Files\Java\jdk1.8.0_191\jre\lib\rt.jar;C:\Program Files\Java\jdk1.8.0_191\jre\lib\sunrsasign.jar;C:\Program Files\Java\jdk1.8.0_191\jre\lib\jsse.jar;C:\Program Files\Java\jdk1.8.0_191\jre\lib\jce.jar;C:\Program Files\Java\jdk1.8.0_191\jre\lib\charsets.jar;C:\Program Files\Java\jdk1.8.0_191\jre\lib\jfr.jar;C:\Program Files\Java\jdk1.8.0_191\jre\classes"/>
    <property name="user.script" value=""/>
    <property name="sun.management.compiler" value="HotSpot Client Compiler"/>
    <property name="java.runtime.version" value="1.8.0_191-b12"/>
    <property name="user.name" value="Joydev"/>
    <property name="path.separator" value=";"/>
    <property name="os.version" value="6.1"/>
    <property name="java.endorsed.dirs" value="C:\Program Files\Java\jdk1.8.0_191\jre\lib\endorsed"/>
    <property name="java.runtime.name" value="Java(TM) SE Runtime Environment"/>
    <property name="file.encoding" value="Cp1252"/>
    <property name="java.vm.name" value="Java HotSpot(TM) Client VM"/>
    <property name="localRepository" value="d:\repo"/>
    <property name="java.vendor.url.bug" value="http://bugreport.sun.com/bugreport/"/>
    <property name="java.io.tmpdir" value="C:\Users\Joydev\AppData\Local\Temp\"/>
    <property name="java.version" value="1.8.0_191"/>
    <property name="user.dir" value="E:\study\cloud\Cloud\discovery"/>
    <property name="os.arch" value="x86"/>
    <property name="java.vm.specification.name" value="Java Virtual Machine Specification"/>
    <property name="java.awt.printerjob" value="sun.awt.windows.WPrinterJob"/>
    <property name="sun.os.patch.level" value=""/>
    <property name="java.library.path" value="C:\Program Files\Java\jdk1.8.0_191\jre\bin;C:\Windows\Sun\Java\bin;C:\Windows\system32;C:\Windows;C:/Program Files/Java/jre/bin/client;C:/Program Files/Java/jre/bin;C:/Program Files/Java/jre/lib/i386;C:\Program Files\Common Files\Oracle\Java\javapath;C:\Windows\system32;C:\Windows;C:\Windows\System32\Wbem;C:\Windows\System32\WindowsPowerShell\v1.0\;C:\Program Files\WIDCOMM\Bluetooth Software\;C:\Program Files\Dell\DW WLAN Card;D:\Softwares\apache-maven-3.5.4-bin\apache-maven-3.5.4\bin;C:\Program Files\Java\jdk1.8.0_191\bin;C:\Program Files\MySQL\MySQL Utilities 1.6\;D:\Softwares\eclipse-jee-2018-09-win32\eclipse;;."/>
    <property name="java.vm.info" value="mixed mode, sharing"/>
    <property name="java.vendor" value="Oracle Corporation"/>
    <property name="java.vm.version" value="25.191-b12"/>
    <property name="java.ext.dirs" value="C:\Program Files\Java\jdk1.8.0_191\jre\lib\ext;C:\Windows\Sun\Java\lib\ext"/>
    <property name="sun.io.unicode.encoding" value="UnicodeLittle"/>
    <property name="java.class.version" value="52.0"/>
  </properties>
  <testcase name="testApp" classname="org.discovery.AppTest" time="0.001"/>
</testsuite>